  stdafx.cpp
c:\git_repo\2dgame_worms\20171201_2dport\win32api\cimage.h(154): warning C4244: '인수': 'float'에서 'int'(으)로 변환하면서 데이터가 손실될 수 있습니다.
c:\git_repo\2dgame_worms\20171201_2dport\win32api\cimage.h(160): warning C4244: '인수': 'float'에서 'int'(으)로 변환하면서 데이터가 손실될 수 있습니다.
  Win32API.cpp
  FileDataManager.cpp
  cWormScene.cpp
  cTitleScene.cpp
c:\git_repo\2dgame_worms\20171201_2dport\win32api\ctitlescene.cpp(37): warning C4267: '인수': 'size_t'에서 'int'(으)로 변환하면서 데이터가 손실될 수 있습니다.
  cTimer.cpp
  cTimeManager.cpp
c:\git_repo\2dgame_worms\20171201_2dport\win32api\ctimemanager.cpp(39): warning C4267: '인수': 'size_t'에서 'int'(으)로 변환하면서 데이터가 손실될 수 있습니다.
c:\git_repo\2dgame_worms\20171201_2dport\win32api\ctimemanager.cpp(42): warning C4267: '인수': 'size_t'에서 'int'(으)로 변환하면서 데이터가 손실될 수 있습니다.
c:\git_repo\2dgame_worms\20171201_2dport\win32api\ctimemanager.cpp(45): warning C4267: '인수': 'size_t'에서 'int'(으)로 변환하면서 데이터가 손실될 수 있습니다.
c:\git_repo\2dgame_worms\20171201_2dport\win32api\ctimemanager.cpp(38): warning C4996: 'sprintf': This function or variable may be unsafe. Consider using sprintf_s instead. To disable deprecation, use _CRT_SECURE_NO_WARNINGS. See online help for details.
  c:\program files (x86)\windows kits\10\include\10.0.16299.0\ucrt\stdio.h(1772): note: 'sprintf' 선언을 참조하십시오.
c:\git_repo\2dgame_worms\20171201_2dport\win32api\ctimemanager.cpp(41): warning C4996: 'sprintf': This function or variable may be unsafe. Consider using sprintf_s instead. To disable deprecation, use _CRT_SECURE_NO_WARNINGS. See online help for details.
  c:\program files (x86)\windows kits\10\include\10.0.16299.0\ucrt\stdio.h(1772): note: 'sprintf' 선언을 참조하십시오.
c:\git_repo\2dgame_worms\20171201_2dport\win32api\ctimemanager.cpp(44): warning C4996: 'sprintf': This function or variable may be unsafe. Consider using sprintf_s instead. To disable deprecation, use _CRT_SECURE_NO_WARNINGS. See online help for details.
  c:\program files (x86)\windows kits\10\include\10.0.16299.0\ucrt\stdio.h(1772): note: 'sprintf' 선언을 참조하십시오.
  cSoundManager.cpp
  cSceneManager.cpp
  cProgressBar.cpp
c:\git_repo\2dgame_worms\20171201_2dport\win32api\cprogressbar.cpp(33): warning C4244: '=': 'float'에서 'int'(으)로 변환하면서 데이터가 손실될 수 있습니다.
  cPlayScene.cpp
c:\git_repo\2dgame_worms\20171201_2dport\win32api\cplayscene.cpp(37): warning C4244: '인수': 'float'에서 'int'(으)로 변환하면서 데이터가 손실될 수 있습니다.
c:\git_repo\2dgame_worms\20171201_2dport\win32api\cplayscene.cpp(40): warning C4244: '인수': 'float'에서 'int'(으)로 변환하면서 데이터가 손실될 수 있습니다.
c:\git_repo\2dgame_worms\20171201_2dport\win32api\cplayscene.cpp(67): warning C4838: 'LONG'에서 'float'(으)로의 변환에는 축소 변환이 필요합니다.
c:\git_repo\2dgame_worms\20171201_2dport\win32api\cplayscene.cpp(67): warning C4244: '초기화 중': 'LONG'에서 'float'(으)로 변환하면서 데이터가 손실될 수 있습니다.
c:\git_repo\2dgame_worms\20171201_2dport\win32api\cplayscene.cpp(75): warning C4244: '인수': 'float'에서 'int'(으)로 변환하면서 데이터가 손실될 수 있습니다.
  cPlayer.cpp
  cPixelCollision.cpp
c:\git_repo\2dgame_worms\20171201_2dport\win32api\cpixelcollision.cpp(7): warning C4244: '인수': 'float'에서 'int'(으)로 변환하면서 데이터가 손실될 수 있습니다.
c:\git_repo\2dgame_worms\20171201_2dport\win32api\cpixelcollision.cpp(20): warning C4244: '인수': 'float'에서 'int'(으)로 변환하면서 데이터가 손실될 수 있습니다.
c:\git_repo\2dgame_worms\20171201_2dport\win32api\cpixelcollision.cpp(30): warning C4244: '인수': 'float'에서 'int'(으)로 변환하면서 데이터가 손실될 수 있습니다.
c:\git_repo\2dgame_worms\20171201_2dport\win32api\cpixelcollision.cpp(40): warning C4244: '인수': 'float'에서 'int'(으)로 변환하면서 데이터가 손실될 수 있습니다.
  cMapTool.cpp
c:\git_repo\2dgame_worms\20171201_2dport\win32api\cmaptool.cpp(86): warning C4267: '인수': 'size_t'에서 'int'(으)로 변환하면서 데이터가 손실될 수 있습니다.
c:\git_repo\2dgame_worms\20171201_2dport\win32api\cmaptool.cpp(91): warning C4267: '인수': 'size_t'에서 'int'(으)로 변환하면서 데이터가 손실될 수 있습니다.
c:\git_repo\2dgame_worms\20171201_2dport\win32api\cmaptool.cpp(84): warning C4996: 'itoa': The POSIX name for this item is deprecated. Instead, use the ISO C and C++ conformant name: _itoa. See online help for details.
  c:\program files (x86)\windows kits\10\include\10.0.16299.0\ucrt\stdlib.h(1334): note: 'itoa' 선언을 참조하십시오.
c:\git_repo\2dgame_worms\20171201_2dport\win32api\cmaptool.cpp(89): warning C4996: 'itoa': The POSIX name for this item is deprecated. Instead, use the ISO C and C++ conformant name: _itoa. See online help for details.
  c:\program files (x86)\windows kits\10\include\10.0.16299.0\ucrt\stdlib.h(1334): note: 'itoa' 선언을 참조하십시오.
  cMainGame.cpp
  cLoadingScene.cpp
c:\git_repo\2dgame_worms\20171201_2dport\win32api\cloadingscene.cpp(36): warning C4101: 'str' :참조되지 않은 지역 변수입니다.
c:\git_repo\2dgame_worms\20171201_2dport\win32api\cloadingscene.cpp(35): warning C4101: 'szBuf' :참조되지 않은 지역 변수입니다.
  cLoading.cpp
c:\git_repo\2dgame_worms\20171201_2dport\win32api\cloading.cpp(130): warning C4267: '인수': 'size_t'에서 'int'(으)로 변환하면서 데이터가 손실될 수 있습니다.
c:\git_repo\2dgame_worms\20171201_2dport\win32api\cloading.cpp(229): warning C4244: '인수': 'unsigned __int64'에서 'float'(으)로 변환하면서 데이터가 손실될 수 있습니다.
c:\git_repo\2dgame_worms\20171201_2dport\win32api\cloading.cpp(229): warning C4244: '인수': 'int'에서 'float'(으)로 변환하면서 데이터가 손실될 수 있습니다.
  cKeyManager.cpp
  cIniData.cpp
c:\git_repo\2dgame_worms\20171201_2dport\win32api\cinidata.cpp(26): warning C4996: 'sprintf': This function or variable may be unsafe. Consider using sprintf_s instead. To disable deprecation, use _CRT_SECURE_NO_WARNINGS. See online help for details.
  c:\program files (x86)\windows kits\10\include\10.0.16299.0\ucrt\stdio.h(1772): note: 'sprintf' 선언을 참조하십시오.
c:\git_repo\2dgame_worms\20171201_2dport\win32api\cinidata.cpp(29): warning C4996: 'strcat': This function or variable may be unsafe. Consider using strcat_s instead. To disable deprecation, use _CRT_SECURE_NO_WARNINGS. See online help for details.
  c:\program files (x86)\windows kits\10\include\10.0.16299.0\ucrt\string.h(89): note: 'strcat' 선언을 참조하십시오.
c:\git_repo\2dgame_worms\20171201_2dport\win32api\cinidata.cpp(51): warning C4996: 'sprintf': This function or variable may be unsafe. Consider using sprintf_s instead. To disable deprecation, use _CRT_SECURE_NO_WARNINGS. See online help for details.
  c:\program files (x86)\windows kits\10\include\10.0.16299.0\ucrt\stdio.h(1772): note: 'sprintf' 선언을 참조하십시오.
c:\git_repo\2dgame_worms\20171201_2dport\win32api\cinidata.cpp(54): warning C4996: 'strcat': This function or variable may be unsafe. Consider using strcat_s instead. To disable deprecation, use _CRT_SECURE_NO_WARNINGS. See online help for details.
  c:\program files (x86)\windows kits\10\include\10.0.16299.0\ucrt\string.h(89): note: 'strcat' 선언을 참조하십시오.
c:\git_repo\2dgame_worms\20171201_2dport\win32api\cinidata.cpp(69): warning C4996: 'sprintf': This function or variable may be unsafe. Consider using sprintf_s instead. To disable deprecation, use _CRT_SECURE_NO_WARNINGS. See online help for details.
  c:\program files (x86)\windows kits\10\include\10.0.16299.0\ucrt\stdio.h(1772): note: 'sprintf' 선언을 참조하십시오.
c:\git_repo\2dgame_worms\20171201_2dport\win32api\cinidata.cpp(72): warning C4996: 'strcat': This function or variable may be unsafe. Consider using strcat_s instead. To disable deprecation, use _CRT_SECURE_NO_WARNINGS. See online help for details.
  c:\program files (x86)\windows kits\10\include\10.0.16299.0\ucrt\string.h(89): note: 'strcat' 선언을 참조하십시오.
  cImageManager.cpp
  cImage.cpp
c:\git_repo\2dgame_worms\20171201_2dport\win32api\cimage.cpp(108): warning C4267: '초기화 중': 'size_t'에서 'int'(으)로 변환하면서 데이터가 손실될 수 있습니다.
c:\git_repo\2dgame_worms\20171201_2dport\win32api\cimage.cpp(143): warning C4267: '초기화 중': 'size_t'에서 'int'(으)로 변환하면서 데이터가 손실될 수 있습니다.
c:\git_repo\2dgame_worms\20171201_2dport\win32api\cimage.cpp(180): warning C4267: '초기화 중': 'size_t'에서 'int'(으)로 변환하면서 데이터가 손실될 수 있습니다.
c:\git_repo\2dgame_worms\20171201_2dport\win32api\cimage.cpp(218): warning C4267: '초기화 중': 'size_t'에서 'int'(으)로 변환하면서 데이터가 손실될 수 있습니다.
  코드를 생성하고 있습니다...
c:\git_repo\2dgame_worms\20171201_2dport\win32api\cinidata.cpp(59): warning C4172: 지역 변수 또는 임시: data의 주소를 반환하고 있습니다.
  컴파일하고 있습니다...
  cGameNode.cpp
c:\git_repo\2dgame_worms\20171201_2dport\win32api\cgamenode.cpp(29): warning C4244: '인수': 'time_t'에서 'unsigned int'(으)로 변환하면서 데이터가 손실될 수 있습니다.
  cFileData.cpp
c:\git_repo\2dgame_worms\20171201_2dport\win32api\cfiledata.cpp(19): warning C4267: '인수': 'size_t'에서 'DWORD'(으)로 변환하면서 데이터가 손실될 수 있습니다.
c:\git_repo\2dgame_worms\20171201_2dport\win32api\cfiledata.cpp(41): warning C4996: 'strcat': This function or variable may be unsafe. Consider using strcat_s instead. To disable deprecation, use _CRT_SECURE_NO_WARNINGS. See online help for details.
  c:\program files (x86)\windows kits\10\include\10.0.16299.0\ucrt\string.h(89): note: 'strcat' 선언을 참조하십시오.
c:\git_repo\2dgame_worms\20171201_2dport\win32api\cfiledata.cpp(44): warning C4996: 'strcat': This function or variable may be unsafe. Consider using strcat_s instead. To disable deprecation, use _CRT_SECURE_NO_WARNINGS. See online help for details.
  c:\program files (x86)\windows kits\10\include\10.0.16299.0\ucrt\string.h(89): note: 'strcat' 선언을 참조하십시오.
c:\git_repo\2dgame_worms\20171201_2dport\win32api\cfiledata.cpp(75): warning C4996: 'strtok': This function or variable may be unsafe. Consider using strtok_s instead. To disable deprecation, use _CRT_SECURE_NO_WARNINGS. See online help for details.
  c:\program files (x86)\windows kits\10\include\10.0.16299.0\ucrt\string.h(439): note: 'strtok' 선언을 참조하십시오.
c:\git_repo\2dgame_worms\20171201_2dport\win32api\cfiledata.cpp(79): warning C4996: 'strtok': This function or variable may be unsafe. Consider using strtok_s instead. To disable deprecation, use _CRT_SECURE_NO_WARNINGS. See online help for details.
  c:\program files (x86)\windows kits\10\include\10.0.16299.0\ucrt\string.h(439): note: 'strtok' 선언을 참조하십시오.
  cDijkstraTest.cpp
c:\git_repo\2dgame_worms\20171201_2dport\win32api\cdijkstratest.cpp(106): warning C4244: '인수': 'float'에서 'int'(으)로 변환하면서 데이터가 손실될 수 있습니다.
c:\git_repo\2dgame_worms\20171201_2dport\win32api\cdijkstratest.cpp(123): warning C4244: '인수': 'float'에서 'int'(으)로 변환하면서 데이터가 손실될 수 있습니다.
c:\git_repo\2dgame_worms\20171201_2dport\win32api\cdijkstratest.cpp(130): warning C4244: '인수': 'float'에서 'int'(으)로 변환하면서 데이터가 손실될 수 있습니다.
c:\git_repo\2dgame_worms\20171201_2dport\win32api\cdijkstratest.cpp(151): warning C4244: '인수': 'float'에서 'int'(으)로 변환하면서 데이터가 손실될 수 있습니다.
c:\git_repo\2dgame_worms\20171201_2dport\win32api\cdijkstratest.cpp(159): warning C4267: '=': 'size_t'에서 'int'(으)로 변환하면서 데이터가 손실될 수 있습니다.
c:\git_repo\2dgame_worms\20171201_2dport\win32api\cdijkstratest.cpp(174): warning C4244: '인수': 'float'에서 'int'(으)로 변환하면서 데이터가 손실될 수 있습니다.
c:\git_repo\2dgame_worms\20171201_2dport\win32api\cdijkstratest.cpp(204): warning C4244: '인수': 'float'에서 'int'(으)로 변환하면서 데이터가 손실될 수 있습니다.
c:\program files (x86)\microsoft visual studio\2017\community\vc\tools\msvc\14.12.25827\include\utility(233): warning C4244: '초기화 중': 'std::ios_base::iostate'에서 'const float'(으)로 변환하면서 데이터가 손실될 수 있습니다.
  c:\program files (x86)\microsoft visual studio\2017\community\vc\tools\msvc\14.12.25827\include\xmemory0(945): note: 컴파일 중인 함수 템플릿 인스턴스화 'std::pair<const _Kty,_Ty>::pair<int,int,0>(std::pair<int,int> &&) noexcept'에 대한 참조를 확인하십시오.
          with
          [
              _Kty=float,
              _Ty=int
          ]
  c:\program files (x86)\microsoft visual studio\2017\community\vc\tools\msvc\14.12.25827\include\xmemory0(945): note: 컴파일 중인 함수 템플릿 인스턴스화 'std::pair<const _Kty,_Ty>::pair<int,int,0>(std::pair<int,int> &&) noexcept'에 대한 참조를 확인하십시오.
          with
          [
              _Kty=float,
              _Ty=int
          ]
  c:\program files (x86)\microsoft visual studio\2017\community\vc\tools\msvc\14.12.25827\include\xtree(774): note: 컴파일 중인 함수 템플릿 인스턴스화 'void std::_Default_allocator_traits<_Alloc>::construct<_Ty,std::pair<int,int>>(_Alloc &,_Objty *const ,std::pair<int,int> &&)'에 대한 참조를 확인하십시오.
          with
          [
              _Alloc=std::allocator<std::_Tree_node<std::pair<const float,int>,std::_Default_allocator_traits<std::allocator<std::pair<const float,int>>>::void_pointer>>,
              _Ty=std::pair<const float,int>,
              _Objty=std::pair<const float,int>
          ]
  c:\program files (x86)\microsoft visual studio\2017\community\vc\tools\msvc\14.12.25827\include\xtree(773): note: 컴파일 중인 함수 템플릿 인스턴스화 'void std::_Default_allocator_traits<_Alloc>::construct<_Ty,std::pair<int,int>>(_Alloc &,_Objty *const ,std::pair<int,int> &&)'에 대한 참조를 확인하십시오.
          with
          [
              _Alloc=std::allocator<std::_Tree_node<std::pair<const float,int>,std::_Default_allocator_traits<std::allocator<std::pair<const float,int>>>::void_pointer>>,
              _Ty=std::pair<const float,int>,
              _Objty=std::pair<const float,int>
          ]
  c:\program files (x86)\microsoft visual studio\2017\community\vc\tools\msvc\14.12.25827\include\xtree(962): note: 컴파일 중인 함수 템플릿 인스턴스화 'std::_Tree_node<_Ty,std::_Default_allocator_traits<_Alloc>::void_pointer> *std::_Tree_comp_alloc<_Traits>::_Buynode<std::pair<int,int>>(std::pair<int,int> &&)'에 대한 참조를 확인하십시오.
          with
          [
              _Ty=std::pair<const float,int>,
              _Alloc=std::allocator<std::pair<const float,int>>,
              _Traits=std::_Tmap_traits<float,int,std::less<float>,std::allocator<std::pair<const float,int>>,false>
          ]
  c:\program files (x86)\microsoft visual studio\2017\community\vc\tools\msvc\14.12.25827\include\xtree(962): note: 컴파일 중인 함수 템플릿 인스턴스화 'std::_Tree_node<_Ty,std::_Default_allocator_traits<_Alloc>::void_pointer> *std::_Tree_comp_alloc<_Traits>::_Buynode<std::pair<int,int>>(std::pair<int,int> &&)'에 대한 참조를 확인하십시오.
          with
          [
              _Ty=std::pair<const float,int>,
              _Alloc=std::allocator<std::pair<const float,int>>,
              _Traits=std::_Tmap_traits<float,int,std::less<float>,std::allocator<std::pair<const float,int>>,false>
          ]
  c:\program files (x86)\microsoft visual studio\2017\community\vc\tools\msvc\14.12.25827\include\map(208): note: 컴파일 중인 함수 템플릿 인스턴스화 'std::pair<std::_Tree_iterator<std::_Tree_val<std::_Tree_simple_types<_Ty>>>,bool> std::_Tree<std::_Tmap_traits<_Kty,int,_Pr,_Alloc,false>>::emplace<std::pair<int,int>>(std::pair<int,int> &&)'에 대한 참조를 확인하십시오.
          with
          [
              _Ty=std::pair<const float,int>,
              _Kty=float,
              _Pr=std::less<float>,
              _Alloc=std::allocator<std::pair<const float,int>>
          ]
  c:\program files (x86)\microsoft visual studio\2017\community\vc\tools\msvc\14.12.25827\include\map(208): note: 컴파일 중인 함수 템플릿 인스턴스화 'std::pair<std::_Tree_iterator<std::_Tree_val<std::_Tree_simple_types<_Ty>>>,bool> std::_Tree<std::_Tmap_traits<_Kty,int,_Pr,_Alloc,false>>::emplace<std::pair<int,int>>(std::pair<int,int> &&)'에 대한 참조를 확인하십시오.
          with
          [
              _Ty=std::pair<const float,int>,
              _Kty=float,
              _Pr=std::less<float>,
              _Alloc=std::allocator<std::pair<const float,int>>
          ]
  c:\git_repo\2dgame_worms\20171201_2dport\win32api\cdijkstratest.cpp(225): note: 컴파일 중인 함수 템플릿 인스턴스화 'std::pair<std::_Tree_iterator<std::_Tree_val<std::_Tree_simple_types<_Ty>>>,bool> std::map<float,int,std::less<_Kty>,std::allocator<_Ty>>::insert<std::pair<int,int>,void>(_Valty &&)'에 대한 참조를 확인하십시오.
          with
          [
              _Ty=std::pair<const float,int>,
              _Kty=float,
              _Valty=std::pair<int,int>
          ]
  c:\git_repo\2dgame_worms\20171201_2dport\win32api\cdijkstratest.cpp(225): note: 컴파일 중인 함수 템플릿 인스턴스화 'std::pair<std::_Tree_iterator<std::_Tree_val<std::_Tree_simple_types<_Ty>>>,bool> std::map<float,int,std::less<_Kty>,std::allocator<_Ty>>::insert<std::pair<int,int>,void>(_Valty &&)'에 대한 참조를 확인하십시오.
          with
          [
              _Ty=std::pair<const float,int>,
              _Kty=float,
              _Valty=std::pair<int,int>
          ]
  코드를 생성하고 있습니다...
c:\git_repo\2dgame_worms\20171201_2dport\win32api\cfiledata.cpp(47): warning C4172: 지역 변수 또는 임시: szBuf의 주소를 반환하고 있습니다.
LINK : fatal error LNK1104: 'fmodex_vc.lib' 파일을 열 수 없습니다.
